0 info it worked if it ends with ok
1 verbose cli [ '/usr/local/bin/node',
1 verbose cli   '/Users/pete/.npm-packages/bin/npm',
1 verbose cli   'run',
1 verbose cli   'dev' ]
2 info using npm@3.10.8
3 info using node@v4.4.2
4 verbose run-script [ 'predev', 'dev', 'postdev' ]
5 info lifecycle outlookcandidatemgr@0.1.0~predev: outlookcandidatemgr@0.1.0
6 silly lifecycle outlookcandidatemgr@0.1.0~predev: no script for predev, continuing
7 info lifecycle outlookcandidatemgr@0.1.0~dev: outlookcandidatemgr@0.1.0
8 verbose lifecycle outlookcandidatemgr@0.1.0~dev: unsafe-perm in lifecycle true
9 verbose lifecycle outlookcandidatemgr@0.1.0~dev: PATH: /Users/pete/.npm-packages/lib/node_modules/npm/bin/node-gyp-bin:/Users/pete/repos/OfficeAddins/OutlookCandidateMgr/node_modules/.bin:/Users/pete/.dnx/runtimes/dnx-mono.1.0.0-rc1-update1/bin:/Users/pete/.dnx/bin:/Users/pete/.npm-packages/bin:/Users/pete/.npm-packages/bin:/Users/pete/.npm-packages/bin:/Users/pete/.npm-packages/bin:/Users/pete/.npm-packages/bin:/Users/pete/.npm-packages/bin:/Users/pete/.npm-packages/bin:/Users/pete/.npm-packages/bin:/usr/local/bin:/usr/bin:/bin:/usr/sbin:/sbin:/opt/X11/bin:/usr/local/share/dotnetNPM_PACKAGES=/Users/pete/.npm-packagesNPM_PACKAGES=/Users/pete/.npm-packages
10 verbose lifecycle outlookcandidatemgr@0.1.0~dev: CWD: /Users/pete/repos/OfficeAddins/OutlookCandidateMgr
11 silly lifecycle outlookcandidatemgr@0.1.0~dev: Args: [ '-c',
11 silly lifecycle   'tsc && concurrently "tsc -w" "node ./src/server/server.js"' ]
12 silly lifecycle outlookcandidatemgr@0.1.0~dev: Returned: code: 2  signal: null
13 info lifecycle outlookcandidatemgr@0.1.0~dev: Failed to exec dev script
14 verbose stack Error: outlookcandidatemgr@0.1.0 dev: `tsc && concurrently "tsc -w" "node ./src/server/server.js"`
14 verbose stack Exit status 2
14 verbose stack     at EventEmitter.<anonymous> (/Users/pete/.npm-packages/lib/node_modules/npm/lib/utils/lifecycle.js:255:16)
14 verbose stack     at emitTwo (events.js:87:13)
14 verbose stack     at EventEmitter.emit (events.js:172:7)
14 verbose stack     at ChildProcess.<anonymous> (/Users/pete/.npm-packages/lib/node_modules/npm/lib/utils/spawn.js:40:14)
14 verbose stack     at emitTwo (events.js:87:13)
14 verbose stack     at ChildProcess.emit (events.js:172:7)
14 verbose stack     at maybeClose (internal/child_process.js:827:16)
14 verbose stack     at Process.ChildProcess._handle.onexit (internal/child_process.js:211:5)
15 verbose pkgid outlookcandidatemgr@0.1.0
16 verbose cwd /Users/pete/repos/OfficeAddins/OutlookCandidateMgr
17 error Darwin 15.6.0
18 error argv "/usr/local/bin/node" "/Users/pete/.npm-packages/bin/npm" "run" "dev"
19 error node v4.4.2
20 error npm  v3.10.8
21 error code ELIFECYCLE
22 error outlookcandidatemgr@0.1.0 dev: `tsc && concurrently "tsc -w" "node ./src/server/server.js"`
22 error Exit status 2
23 error Failed at the outlookcandidatemgr@0.1.0 dev script 'tsc && concurrently "tsc -w" "node ./src/server/server.js"'.
23 error Make sure you have the latest version of node.js and npm installed.
23 error If you do, this is most likely a problem with the outlookcandidatemgr package,
23 error not with npm itself.
23 error Tell the author that this fails on your system:
23 error     tsc && concurrently "tsc -w" "node ./src/server/server.js"
23 error You can get information on how to open an issue for this project with:
23 error     npm bugs outlookcandidatemgr
23 error Or if that isn't available, you can get their info via:
23 error     npm owner ls outlookcandidatemgr
23 error There is likely additional logging output above.
24 verbose exit [ 1, true ]
